<?xml version="1.0" encoding="UTF-8"?>
<testsuite name="GameTest" tests="18" skipped="0" failures="0" errors="0" timestamp="2021-07-05T19:44:33" hostname="21DUB-DELP2HM2" time="0.082">
  <properties/>
  <testcase name="playerLocation()" classname="GameTest" time="0.023"/>
  <testcase name="rightYes()" classname="GameTest" time="0.002"/>
  <testcase name="downNo()" classname="GameTest" time="0.001"/>
  <testcase name="addRight()" classname="GameTest" time="0.026"/>
  <testcase name="addDown()" classname="GameTest" time="0.001"/>
  <testcase name="addLeft()" classname="GameTest" time="0.0"/>
  <testcase name="leftNo()" classname="GameTest" time="0.001"/>
  <testcase name="removeUp()" classname="GameTest" time="0.008"/>
  <testcase name="removeRight()" classname="GameTest" time="0.001"/>
  <testcase name="upNo()" classname="GameTest" time="0.0"/>
  <testcase name="leftYes()" classname="GameTest" time="0.0"/>
  <testcase name="addUp()" classname="GameTest" time="0.0"/>
  <testcase name="upYes()" classname="GameTest" time="0.0"/>
  <testcase name="checkEdge()" classname="GameTest" time="0.0"/>
  <testcase name="removeDown()" classname="GameTest" time="0.001"/>
  <testcase name="removeLeft()" classname="GameTest" time="0.0"/>
  <testcase name="rightNo()" classname="GameTest" time="0.001"/>
  <testcase name="downYes()" classname="GameTest" time="0.001"/>
  <system-out><![CDATA[]]></system-out>
  <system-err><![CDATA[]]></system-err>
</testsuite>
